c:\users\pilas\onedrive\dokumenty\visual studio 2017\projects\gamewitheditor\gamewitheditor\debug\vc141.pdb
c:\users\pilas\onedrive\dokumenty\visual studio 2017\projects\gamewitheditor\gamewitheditor\debug\vc141.idb
c:\users\pilas\onedrive\dokumenty\visual studio 2017\projects\gamewitheditor\gamewitheditor\debug\fpscounter.obj
c:\users\pilas\onedrive\dokumenty\visual studio 2017\projects\gamewitheditor\gamewitheditor\debug\asingleton.obj
c:\users\pilas\onedrive\dokumenty\visual studio 2017\projects\gamewitheditor\gamewitheditor\debug\source.obj
c:\users\pilas\onedrive\dokumenty\visual studio 2017\projects\gamewitheditor\gamewitheditor\debug\scene.obj
c:\users\pilas\onedrive\dokumenty\visual studio 2017\projects\gamewitheditor\gamewitheditor\debug\windowmanager.obj
c:\users\pilas\onedrive\dokumenty\visual studio 2017\projects\gamewitheditor\gamewitheditor\debug\gameobject.obj
c:\users\pilas\onedrive\dokumenty\visual studio 2017\projects\gamewitheditor\gamewitheditor\debug\cspriterenderer.obj
c:\users\pilas\onedrive\dokumenty\visual studio 2017\projects\gamewitheditor\gamewitheditor\debug\carenderer.obj
c:\users\pilas\onedrive\dokumenty\visual studio 2017\projects\gamewitheditor\gamewitheditor\debug\ctransform.obj
c:\users\pilas\onedrive\dokumenty\visual studio 2017\projects\gamewitheditor\gamewitheditor\debug\acomponent.obj
c:\users\pilas\onedrive\dokumenty\visual studio 2017\projects\gamewitheditor\gamewitheditor\debug\game.obj
c:\users\pilas\onedrive\dokumenty\visual studio 2017\projects\gamewitheditor\gamewitheditor\debug\imgui_draw.obj
c:\users\pilas\onedrive\dokumenty\visual studio 2017\projects\gamewitheditor\gamewitheditor\debug\imgui_demo.obj
c:\users\pilas\onedrive\dokumenty\visual studio 2017\projects\gamewitheditor\gamewitheditor\debug\imgui.obj
c:\users\pilas\onedrive\dokumenty\visual studio 2017\projects\gamewitheditor\gamewitheditor\debug\imgui-sfml.obj
c:\users\pilas\onedrive\dokumenty\visual studio 2017\projects\gamewitheditor\debug\gamewitheditor.lib
c:\users\pilas\onedrive\dokumenty\visual studio 2017\projects\gamewitheditor\debug\gamewitheditor.exp
c:\users\pilas\onedrive\dokumenty\visual studio 2017\projects\gamewitheditor\debug\gamewitheditor.ilk
c:\users\pilas\onedrive\dokumenty\visual studio 2017\projects\gamewitheditor\debug\gamewitheditor.exe
c:\users\pilas\onedrive\dokumenty\visual studio 2017\projects\gamewitheditor\debug\gamewitheditor.pdb
c:\users\pilas\onedrive\dokumenty\visual studio 2017\projects\gamewitheditor\gamewitheditor\debug\gamewitheditor.tlog\cl.command.1.tlog
c:\users\pilas\onedrive\dokumenty\visual studio 2017\projects\gamewitheditor\gamewitheditor\debug\gamewitheditor.tlog\cl.read.1.tlog
c:\users\pilas\onedrive\dokumenty\visual studio 2017\projects\gamewitheditor\gamewitheditor\debug\gamewitheditor.tlog\cl.write.1.tlog
c:\users\pilas\onedrive\dokumenty\visual studio 2017\projects\gamewitheditor\gamewitheditor\debug\gamewitheditor.tlog\gamewitheditor.write.1u.tlog
c:\users\pilas\onedrive\dokumenty\visual studio 2017\projects\gamewitheditor\gamewitheditor\debug\gamewitheditor.tlog\link.command.1.tlog
c:\users\pilas\onedrive\dokumenty\visual studio 2017\projects\gamewitheditor\gamewitheditor\debug\gamewitheditor.tlog\link.read.1.tlog
c:\users\pilas\onedrive\dokumenty\visual studio 2017\projects\gamewitheditor\gamewitheditor\debug\gamewitheditor.tlog\link.write.1.tlog
