  imgui-SFML.cpp
  imgui.cpp
  imgui_demo.cpp
  imgui_draw.cpp
  Game.cpp
  AComponent.cpp
  CTransform.cpp
  CARenderer.cpp
  CSpriteRenderer.cpp
  GameObject.cpp
  WindowManager.cpp
  Scene.cpp
  Source.cpp
  ASingleton.cpp
  FPSCounter.cpp
     Creating library C:\Users\pilas\OneDrive\Dokumenty\Visual Studio 2017\Projects\GameWithEditor\Release\GameWithEditor.lib and object C:\Users\pilas\OneDrive\Dokumenty\Visual Studio 2017\Projects\GameWithEditor\Release\GameWithEditor.exp
  Generating code
  All 5045 functions were compiled because no usable IPDB/IOBJ from previous compilation was found.
  Finished generating code
  GameWithEditor.vcxproj -> C:\Users\pilas\OneDrive\Dokumenty\Visual Studio 2017\Projects\GameWithEditor\Release\GameWithEditor.exe
